The system is: Darwin - 12.2.1 - i386
Compiling the C compiler identification source file "CMakeCCompilerId.c" succeeded.
Compiler: /usr/bin/gcc 
Build flags: 
Id flags: 

The output was:
0


Compilation of the C compiler identification source "CMakeCCompilerId.c" produced "a.out"

The C compiler identification is GNU, found in "/Users/momo/Documents/projet/Box2D_v2.2.1/CMakeFiles/CompilerIdC/a.out"

Compiling the CXX compiler identification source file "CMakeCXXCompilerId.cpp" succeeded.
Compiler: /usr/bin/c++ 
Build flags: 
Id flags: 

The output was:
0


Compilation of the CXX compiler identification source "CMakeCXXCompilerId.cpp" produced "a.out"

The CXX compiler identification is Clang, found in "/Users/momo/Documents/projet/Box2D_v2.2.1/CMakeFiles/CompilerIdCXX/a.out"

Determining if the C compiler works passed with the following output:
Change Dir: /Users/momo/Documents/projet/Box2D_v2.2.1/CMakeFiles/CMakeTmp

Run Build Command:/usr/bin/make "cmTryCompileExec1737398907/fast"
/usr/bin/make -f CMakeFiles/cmTryCompileExec1737398907.dir/build.make CMakeFiles/cmTryCompileExec1737398907.dir/build
/opt/local/bin/cmake -E cmake_progress_report /Users/momo/Documents/projet/Box2D_v2.2.1/CMakeFiles/CMakeTmp/CMakeFiles 1
Building C object CMakeFiles/cmTryCompileExec1737398907.dir/testCCompiler.c.o
/usr/bin/gcc    -o CMakeFiles/cmTryCompileExec1737398907.dir/testCCompiler.c.o   -c /Users/momo/Documents/projet/Box2D_v2.2.1/CMakeFiles/CMakeTmp/testCCompiler.c
Linking C executable cmTryCompileExec1737398907
/opt/local/bin/cmake -E cmake_link_script CMakeFiles/cmTryCompileExec1737398907.dir/link.txt --verbose=1
/usr/bin/gcc      -Wl,-search_paths_first -Wl,-headerpad_max_install_names   CMakeFiles/cmTryCompileExec1737398907.dir/testCCompiler.c.o  -o cmTryCompileExec1737398907  


Detecting C compiler ABI info compiled with the following output:
Change Dir: /Users/momo/Documents/projet/Box2D_v2.2.1/CMakeFiles/CMakeTmp

Run Build Command:/usr/bin/make "cmTryCompileExec46529026/fast"
/usr/bin/make -f CMakeFiles/cmTryCompileExec46529026.dir/build.make CMakeFiles/cmTryCompileExec46529026.dir/build
/opt/local/bin/cmake -E cmake_progress_report /Users/momo/Documents/projet/Box2D_v2.2.1/CMakeFiles/CMakeTmp/CMakeFiles 1
Building C object CMakeFiles/cmTryCompileExec46529026.dir/CMakeCCompilerABI.c.o
/usr/bin/gcc    -o CMakeFiles/cmTryCompileExec46529026.dir/CMakeCCompilerABI.c.o   -c /opt/local/share/cmake-2.8/Modules/CMakeCCompilerABI.c
Linking C executable cmTryCompileExec46529026
/opt/local/bin/cmake -E cmake_link_script CMakeFiles/cmTryCompileExec46529026.dir/link.txt --verbose=1
/usr/bin/gcc      -Wl,-search_paths_first -Wl,-headerpad_max_install_names -v CMakeFiles/cmTryCompileExec46529026.dir/CMakeCCompilerABI.c.o  -o cmTryCompileExec46529026   
Using built-in specs.
COLLECT_GCC=/usr/bin/gcc
COLLECT_LTO_WRAPPER=/opt/local/libexec/gcc/x86_64-apple-darwin12/4.7.2/lto-wrapper
Target: x86_64-apple-darwin12
Configured with: ../gcc-4.7.2/configure --prefix=/opt/local --build=x86_64-apple-darwin12 --enable-languages=c,c++,objc,obj-c++,lto,fortran,java --libdir=/opt/local/lib/gcc47 --includedir=/opt/local/include/gcc47 --infodir=/opt/local/share/info --mandir=/opt/local/share/man --datarootdir=/opt/local/share/gcc-4.7 --with-libiconv-prefix=/opt/local --with-local-prefix=/opt/local --with-system-zlib --disable-nls --program-suffix=-mp-4.7 --with-gxx-include-dir=/opt/local/include/gcc47/c++/ --with-gmp=/opt/local --with-mpfr=/opt/local --with-mpc=/opt/local --with-ppl=/opt/local --with-cloog=/opt/local --enable-cloog-backend=isl --disable-cloog-version-check --enable-stage1-checking --disable-multilib --enable-lto --enable-libstdcxx-time --with-as=/opt/local/bin/as --with-ld=/opt/local/bin/ld --with-ar=/opt/local/bin/ar --with-bugurl=https://trac.macports.org/newticket --disable-ppl-version-check --with-pkgversion='MacPorts gcc47 4.7.2_2'
Thread model: posix
gcc version 4.7.2 (MacPorts gcc47 4.7.2_2) 
COMPILER_PATH=/opt/local/libexec/gcc/x86_64-apple-darwin12/4.7.2/:/opt/local/libexec/gcc/x86_64-apple-darwin12/4.7.2/:/opt/local/libexec/gcc/x86_64-apple-darwin12/:/opt/local/lib/gcc47/gcc/x86_64-apple-darwin12/4.7.2/:/opt/local/lib/gcc47/gcc/x86_64-apple-darwin12/
LIBRARY_PATH=/opt/local/lib/gcc47/gcc/x86_64-apple-darwin12/4.7.2/:/opt/local/lib/gcc47/gcc/x86_64-apple-darwin12/4.7.2/../../../:/usr/lib/
COLLECT_GCC_OPTIONS='-mmacosx-version-min=10.8.2' '-v' '-o' 'cmTryCompileExec46529026' '-mtune=core2'
 /opt/local/libexec/gcc/x86_64-apple-darwin12/4.7.2/collect2 -dynamic -arch x86_64 -macosx_version_min 10.8.2 -weak_reference_mismatches non-weak -o cmTryCompileExec46529026 -L/opt/local/lib/gcc47/gcc/x86_64-apple-darwin12/4.7.2 -L/opt/local/lib/gcc47/gcc/x86_64-apple-darwin12/4.7.2/../../.. -search_paths_first -headerpad_max_install_names CMakeFiles/cmTryCompileExec46529026.dir/CMakeCCompilerABI.c.o -no_compact_unwind -lSystem -lgcc_ext.10.5 -lgcc -lSystem -v
collect2 version 4.7.2
/opt/local/bin/ld -dynamic -arch x86_64 -macosx_version_min 10.8.2 -weak_reference_mismatches non-weak -o cmTryCompileExec46529026 -L/opt/local/lib/gcc47/gcc/x86_64-apple-darwin12/4.7.2 -L/opt/local/lib/gcc47/gcc/x86_64-apple-darwin12/4.7.2/../../.. -search_paths_first -headerpad_max_install_names CMakeFiles/cmTryCompileExec46529026.dir/CMakeCCompilerABI.c.o -no_compact_unwind -lSystem -lgcc_ext.10.5 -lgcc -lSystem -v
@(#)PROGRAM:ld  PROJECT:ld64-134.9
configured to support archs: i386 x86_64
Library search paths:
	/opt/local/lib/gcc47/gcc/x86_64-apple-darwin12/4.7.2
	/opt/local/lib/gcc47
	/usr/lib
	/usr/local/lib
Framework search paths:
	/Library/Frameworks/
	/System/Library/Frameworks/


Parsed C implicit link information from above output:
  link line regex: [^( *|.*[/\])(ld|ld|collect2)[^/\]*( |$)]
  ignore line: [Change Dir: /Users/momo/Documents/projet/Box2D_v2.2.1/CMakeFiles/CMakeTmp]
  ignore line: []
  ignore line: [Run Build Command:/usr/bin/make "cmTryCompileExec46529026/fast"]
  ignore line: [/usr/bin/make -f CMakeFiles/cmTryCompileExec46529026.dir/build.make CMakeFiles/cmTryCompileExec46529026.dir/build]
  ignore line: [/opt/local/bin/cmake -E cmake_progress_report /Users/momo/Documents/projet/Box2D_v2.2.1/CMakeFiles/CMakeTmp/CMakeFiles 1]
  ignore line: [Building C object CMakeFiles/cmTryCompileExec46529026.dir/CMakeCCompilerABI.c.o]
  ignore line: [/usr/bin/gcc    -o CMakeFiles/cmTryCompileExec46529026.dir/CMakeCCompilerABI.c.o   -c /opt/local/share/cmake-2.8/Modules/CMakeCCompilerABI.c]
  ignore line: [Linking C executable cmTryCompileExec46529026]
  ignore line: [/opt/local/bin/cmake -E cmake_link_script CMakeFiles/cmTryCompileExec46529026.dir/link.txt --verbose=1]
  ignore line: [/usr/bin/gcc      -Wl,-search_paths_first -Wl,-headerpad_max_install_names -v CMakeFiles/cmTryCompileExec46529026.dir/CMakeCCompilerABI.c.o  -o cmTryCompileExec46529026   ]
  ignore line: [Using built-in specs.]
  ignore line: [COLLECT_GCC=/usr/bin/gcc]
  ignore line: [COLLECT_LTO_WRAPPER=/opt/local/libexec/gcc/x86_64-apple-darwin12/4.7.2/lto-wrapper]
  ignore line: [Target: x86_64-apple-darwin12]
  ignore line: [Configured with: ../gcc-4.7.2/configure --prefix=/opt/local --build=x86_64-apple-darwin12 --enable-languages=c,c++,objc,obj-c++,lto,fortran,java --libdir=/opt/local/lib/gcc47 --includedir=/opt/local/include/gcc47 --infodir=/opt/local/share/info --mandir=/opt/local/share/man --datarootdir=/opt/local/share/gcc-4.7 --with-libiconv-prefix=/opt/local --with-local-prefix=/opt/local --with-system-zlib --disable-nls --program-suffix=-mp-4.7 --with-gxx-include-dir=/opt/local/include/gcc47/c++/ --with-gmp=/opt/local --with-mpfr=/opt/local --with-mpc=/opt/local --with-ppl=/opt/local --with-cloog=/opt/local --enable-cloog-backend=isl --disable-cloog-version-check --enable-stage1-checking --disable-multilib --enable-lto --enable-libstdcxx-time --with-as=/opt/local/bin/as --with-ld=/opt/local/bin/ld --with-ar=/opt/local/bin/ar --with-bugurl=https://trac.macports.org/newticket --disable-ppl-version-check --with-pkgversion='MacPorts gcc47 4.7.2_2']
  ignore line: [Thread model: posix]
  ignore line: [gcc version 4.7.2 (MacPorts gcc47 4.7.2_2) ]
  ignore line: [COMPILER_PATH=/opt/local/libexec/gcc/x86_64-apple-darwin12/4.7.2/:/opt/local/libexec/gcc/x86_64-apple-darwin12/4.7.2/:/opt/local/libexec/gcc/x86_64-apple-darwin12/:/opt/local/lib/gcc47/gcc/x86_64-apple-darwin12/4.7.2/:/opt/local/lib/gcc47/gcc/x86_64-apple-darwin12/]
  ignore line: [LIBRARY_PATH=/opt/local/lib/gcc47/gcc/x86_64-apple-darwin12/4.7.2/:/opt/local/lib/gcc47/gcc/x86_64-apple-darwin12/4.7.2/../../../:/usr/lib/]
  ignore line: [COLLECT_GCC_OPTIONS='-mmacosx-version-min=10.8.2' '-v' '-o' 'cmTryCompileExec46529026' '-mtune=core2']
  link line: [ /opt/local/libexec/gcc/x86_64-apple-darwin12/4.7.2/collect2 -dynamic -arch x86_64 -macosx_version_min 10.8.2 -weak_reference_mismatches non-weak -o cmTryCompileExec46529026 -L/opt/local/lib/gcc47/gcc/x86_64-apple-darwin12/4.7.2 -L/opt/local/lib/gcc47/gcc/x86_64-apple-darwin12/4.7.2/../../.. -search_paths_first -headerpad_max_install_names CMakeFiles/cmTryCompileExec46529026.dir/CMakeCCompilerABI.c.o -no_compact_unwind -lSystem -lgcc_ext.10.5 -lgcc -lSystem -v]
    arg [/opt/local/libexec/gcc/x86_64-apple-darwin12/4.7.2/collect2] ==> ignore
    arg [-dynamic] ==> ignore
    arg [-arch] ==> ignore
    arg [x86_64] ==> ignore
    arg [-macosx_version_min] ==> ignore
    arg [10.8.2] ==> ignore
    arg [-weak_reference_mismatches] ==> ignore
    arg [non-weak] ==> ignore
    arg [-o] ==> ignore
    arg [cmTryCompileExec46529026] ==> ignore
    arg [-L/opt/local/lib/gcc47/gcc/x86_64-apple-darwin12/4.7.2] ==> dir [/opt/local/lib/gcc47/gcc/x86_64-apple-darwin12/4.7.2]
    arg [-L/opt/local/lib/gcc47/gcc/x86_64-apple-darwin12/4.7.2/../../..] ==> dir [/opt/local/lib/gcc47/gcc/x86_64-apple-darwin12/4.7.2/../../..]
    arg [-search_paths_first] ==> ignore
    arg [-headerpad_max_install_names] ==> ignore
    arg [CMakeFiles/cmTryCompileExec46529026.dir/CMakeCCompilerABI.c.o] ==> ignore
    arg [-no_compact_unwind] ==> ignore
    arg [-lSystem] ==> lib [System]
    arg [-lgcc_ext.10.5] ==> lib [gcc_ext.10.5]
    arg [-lgcc] ==> lib [gcc]
    arg [-lSystem] ==> lib [System]
    arg [-v] ==> ignore
  remove lib [System]
  remove lib [gcc_ext.10.5]
  remove lib [gcc]
  remove lib [System]
  collapse dir [/opt/local/lib/gcc47/gcc/x86_64-apple-darwin12/4.7.2] ==> [/opt/local/lib/gcc47/gcc/x86_64-apple-darwin12/4.7.2]
  collapse dir [/opt/local/lib/gcc47/gcc/x86_64-apple-darwin12/4.7.2/../../..] ==> [/opt/local/lib/gcc47]
  implicit libs: []
  implicit dirs: [/opt/local/lib/gcc47/gcc/x86_64-apple-darwin12/4.7.2;/opt/local/lib/gcc47]


Determining if the CXX compiler works passed with the following output:
Change Dir: /Users/momo/Documents/projet/Box2D_v2.2.1/CMakeFiles/CMakeTmp

Run Build Command:/usr/bin/make "cmTryCompileExec1786533007/fast"
/usr/bin/make -f CMakeFiles/cmTryCompileExec1786533007.dir/build.make CMakeFiles/cmTryCompileExec1786533007.dir/build
/opt/local/bin/cmake -E cmake_progress_report /Users/momo/Documents/projet/Box2D_v2.2.1/CMakeFiles/CMakeTmp/CMakeFiles 1
Building CXX object CMakeFiles/cmTryCompileExec1786533007.dir/testCXXCompiler.cxx.o
/usr/bin/c++     -o CMakeFiles/cmTryCompileExec1786533007.dir/testCXXCompiler.cxx.o -c /Users/momo/Documents/projet/Box2D_v2.2.1/CMakeFiles/CMakeTmp/testCXXCompiler.cxx
Linking CXX executable cmTryCompileExec1786533007
/opt/local/bin/cmake -E cmake_link_script CMakeFiles/cmTryCompileExec1786533007.dir/link.txt --verbose=1
/usr/bin/c++       -Wl,-search_paths_first -Wl,-headerpad_max_install_names   CMakeFiles/cmTryCompileExec1786533007.dir/testCXXCompiler.cxx.o  -o cmTryCompileExec1786533007  


Detecting CXX compiler ABI info compiled with the following output:
Change Dir: /Users/momo/Documents/projet/Box2D_v2.2.1/CMakeFiles/CMakeTmp

Run Build Command:/usr/bin/make "cmTryCompileExec3024135667/fast"
/usr/bin/make -f CMakeFiles/cmTryCompileExec3024135667.dir/build.make CMakeFiles/cmTryCompileExec3024135667.dir/build
/opt/local/bin/cmake -E cmake_progress_report /Users/momo/Documents/projet/Box2D_v2.2.1/CMakeFiles/CMakeTmp/CMakeFiles 1
Building CXX object CMakeFiles/cmTryCompileExec3024135667.dir/CMakeCXXCompilerABI.cpp.o
/usr/bin/c++     -o CMakeFiles/cmTryCompileExec3024135667.dir/CMakeCXXCompilerABI.cpp.o -c /opt/local/share/cmake-2.8/Modules/CMakeCXXCompilerABI.cpp
Linking CXX executable cmTryCompileExec3024135667
/opt/local/bin/cmake -E cmake_link_script CMakeFiles/cmTryCompileExec3024135667.dir/link.txt --verbose=1
/usr/bin/c++       -Wl,-search_paths_first -Wl,-headerpad_max_install_names -v CMakeFiles/cmTryCompileExec3024135667.dir/CMakeCXXCompilerABI.cpp.o  -o cmTryCompileExec3024135667   
Apple clang version 4.0 (tags/Apple/clang-421.0.60) (based on LLVM 3.1svn)
Target: x86_64-apple-darwin12.2.1
Thread model: posix
 "/usr/bin/ld" -demangle -dynamic -arch x86_64 -macosx_version_min 10.8.0 -o cmTryCompileExec3024135667 -search_paths_first -headerpad_max_install_names CMakeFiles/cmTryCompileExec3024135667.dir/CMakeCXXCompilerABI.cpp.o -lstdc++ -lSystem /usr/bin/../lib/clang/4.0/lib/darwin/libclang_rt.osx.a


Parsed CXX implicit link information from above output:
  link line regex: [^( *|.*[/\])(ld|ld|collect2)[^/\]*( |$)]
  ignore line: [Change Dir: /Users/momo/Documents/projet/Box2D_v2.2.1/CMakeFiles/CMakeTmp]
  ignore line: []
  ignore line: [Run Build Command:/usr/bin/make "cmTryCompileExec3024135667/fast"]
  ignore line: [/usr/bin/make -f CMakeFiles/cmTryCompileExec3024135667.dir/build.make CMakeFiles/cmTryCompileExec3024135667.dir/build]
  ignore line: [/opt/local/bin/cmake -E cmake_progress_report /Users/momo/Documents/projet/Box2D_v2.2.1/CMakeFiles/CMakeTmp/CMakeFiles 1]
  ignore line: [Building CXX object CMakeFiles/cmTryCompileExec3024135667.dir/CMakeCXXCompilerABI.cpp.o]
  ignore line: [/usr/bin/c++     -o CMakeFiles/cmTryCompileExec3024135667.dir/CMakeCXXCompilerABI.cpp.o -c /opt/local/share/cmake-2.8/Modules/CMakeCXXCompilerABI.cpp]
  ignore line: [Linking CXX executable cmTryCompileExec3024135667]
  ignore line: [/opt/local/bin/cmake -E cmake_link_script CMakeFiles/cmTryCompileExec3024135667.dir/link.txt --verbose=1]
  ignore line: [/usr/bin/c++       -Wl,-search_paths_first -Wl,-headerpad_max_install_names -v CMakeFiles/cmTryCompileExec3024135667.dir/CMakeCXXCompilerABI.cpp.o  -o cmTryCompileExec3024135667   ]
  ignore line: [Apple clang version 4.0 (tags/Apple/clang-421.0.60) (based on LLVM 3.1svn)]
  ignore line: [Target: x86_64-apple-darwin12.2.1]
  ignore line: [Thread model: posix]
  link line: [ "/usr/bin/ld" -demangle -dynamic -arch x86_64 -macosx_version_min 10.8.0 -o cmTryCompileExec3024135667 -search_paths_first -headerpad_max_install_names CMakeFiles/cmTryCompileExec3024135667.dir/CMakeCXXCompilerABI.cpp.o -lstdc++ -lSystem /usr/bin/../lib/clang/4.0/lib/darwin/libclang_rt.osx.a]
    arg [/usr/bin/ld] ==> ignore
    arg [-demangle] ==> ignore
    arg [-dynamic] ==> ignore
    arg [-arch] ==> ignore
    arg [x86_64] ==> ignore
    arg [-macosx_version_min] ==> ignore
    arg [10.8.0] ==> ignore
    arg [-o] ==> ignore
    arg [cmTryCompileExec3024135667] ==> ignore
    arg [-search_paths_first] ==> ignore
    arg [-headerpad_max_install_names] ==> ignore
    arg [CMakeFiles/cmTryCompileExec3024135667.dir/CMakeCXXCompilerABI.cpp.o] ==> ignore
    arg [-lstdc++] ==> lib [stdc++]
    arg [-lSystem] ==> lib [System]
    arg [/usr/bin/../lib/clang/4.0/lib/darwin/libclang_rt.osx.a] ==> lib [/usr/bin/../lib/clang/4.0/lib/darwin/libclang_rt.osx.a]
  remove lib [System]
  implicit libs: [stdc++;/usr/bin/../lib/clang/4.0/lib/darwin/libclang_rt.osx.a]
  implicit dirs: []


The system is: Darwin - 12.2.1 - i386
Compiling the C compiler identification source file "CMakeCCompilerId.c" succeeded.
Compiler: /usr/bin/gcc 
Build flags: 
Id flags: 

The output was:
0


Compilation of the C compiler identification source "CMakeCCompilerId.c" produced "a.out"

The C compiler identification is GNU, found in "/Users/momo/Documents/projet/Box2D_v2.2.1/CMakeFiles/2.8.10/CompilerIdC/a.out"

Compiling the CXX compiler identification source file "CMakeCXXCompilerId.cpp" succeeded.
Compiler: /usr/bin/c++ 
Build flags: 
Id flags: 

The output was:
0


Compilation of the CXX compiler identification source "CMakeCXXCompilerId.cpp" produced "a.out"

The CXX compiler identification is Clang, found in "/Users/momo/Documents/projet/Box2D_v2.2.1/CMakeFiles/2.8.10/CompilerIdCXX/a.out"

Detecting C compiler ABI info compiled with the following output:
Change Dir: /Users/momo/Documents/projet/Box2D_v2.2.1/CMakeFiles/CMakeTmp

Run Build Command:/usr/bin/make "cmTryCompileExec4256074502/fast"
/usr/bin/make -f CMakeFiles/cmTryCompileExec4256074502.dir/build.make CMakeFiles/cmTryCompileExec4256074502.dir/build
/opt/local/bin/cmake -E cmake_progress_report /Users/momo/Documents/projet/Box2D_v2.2.1/CMakeFiles/CMakeTmp/CMakeFiles 1
Building C object CMakeFiles/cmTryCompileExec4256074502.dir/CMakeCCompilerABI.c.o
/usr/bin/gcc   -isysroot /Applications/Xcode.app/Contents/Developer/Platforms/MacOSX.platform/Developer/SDKs/MacOSX10.8.sdk   -o CMakeFiles/cmTryCompileExec4256074502.dir/CMakeCCompilerABI.c.o   -c /opt/local/share/cmake-2.8/Modules/CMakeCCompilerABI.c
Linking C executable cmTryCompileExec4256074502
/opt/local/bin/cmake -E cmake_link_script CMakeFiles/cmTryCompileExec4256074502.dir/link.txt --verbose=1
/usr/bin/gcc      -isysroot /Applications/Xcode.app/Contents/Developer/Platforms/MacOSX.platform/Developer/SDKs/MacOSX10.8.sdk -Wl,-search_paths_first -Wl,-headerpad_max_install_names -v CMakeFiles/cmTryCompileExec4256074502.dir/CMakeCCompilerABI.c.o  -o cmTryCompileExec4256074502   
Using built-in specs.
COLLECT_GCC=/usr/bin/gcc
COLLECT_LTO_WRAPPER=/opt/local/libexec/gcc/x86_64-apple-darwin12/4.7.2/lto-wrapper
Target: x86_64-apple-darwin12
Configured with: ../gcc-4.7.2/configure --prefix=/opt/local --build=x86_64-apple-darwin12 --enable-languages=c,c++,objc,obj-c++,lto,fortran,java --libdir=/opt/local/lib/gcc47 --includedir=/opt/local/include/gcc47 --infodir=/opt/local/share/info --mandir=/opt/local/share/man --datarootdir=/opt/local/share/gcc-4.7 --with-libiconv-prefix=/opt/local --with-local-prefix=/opt/local --with-system-zlib --disable-nls --program-suffix=-mp-4.7 --with-gxx-include-dir=/opt/local/include/gcc47/c++/ --with-gmp=/opt/local --with-mpfr=/opt/local --with-mpc=/opt/local --with-ppl=/opt/local --with-cloog=/opt/local --enable-cloog-backend=isl --disable-cloog-version-check --enable-stage1-checking --disable-multilib --enable-lto --enable-libstdcxx-time --with-as=/opt/local/bin/as --with-ld=/opt/local/bin/ld --with-ar=/opt/local/bin/ar --with-bugurl=https://trac.macports.org/newticket --disable-ppl-version-check --with-pkgversion='MacPorts gcc47 4.7.2_2'
Thread model: posix
gcc version 4.7.2 (MacPorts gcc47 4.7.2_2) 
COMPILER_PATH=/opt/local/libexec/gcc/x86_64-apple-darwin12/4.7.2/:/opt/local/libexec/gcc/x86_64-apple-darwin12/4.7.2/:/opt/local/libexec/gcc/x86_64-apple-darwin12/:/opt/local/lib/gcc47/gcc/x86_64-apple-darwin12/4.7.2/:/opt/local/lib/gcc47/gcc/x86_64-apple-darwin12/
LIBRARY_PATH=/opt/local/lib/gcc47/gcc/x86_64-apple-darwin12/4.7.2/:/opt/local/lib/gcc47/gcc/x86_64-apple-darwin12/4.7.2/../../../:/usr/lib/
COLLECT_GCC_OPTIONS='-mmacosx-version-min=10.8.2' '-isysroot' '/Applications/Xcode.app/Contents/Developer/Platforms/MacOSX.platform/Developer/SDKs/MacOSX10.8.sdk' '-v' '-o' 'cmTryCompileExec4256074502' '-mtune=core2'
 /opt/local/libexec/gcc/x86_64-apple-darwin12/4.7.2/collect2 -dynamic -arch x86_64 -macosx_version_min 10.8.2 -syslibroot /Applications/Xcode.app/Contents/Developer/Platforms/MacOSX.platform/Developer/SDKs/MacOSX10.8.sdk -weak_reference_mismatches non-weak -o cmTryCompileExec4256074502 -L/opt/local/lib/gcc47/gcc/x86_64-apple-darwin12/4.7.2 -L/opt/local/lib/gcc47/gcc/x86_64-apple-darwin12/4.7.2/../../.. -search_paths_first -headerpad_max_install_names CMakeFiles/cmTryCompileExec4256074502.dir/CMakeCCompilerABI.c.o -no_compact_unwind -lSystem -lgcc_ext.10.5 -lgcc -lSystem -v
collect2 version 4.7.2
/opt/local/bin/ld -dynamic -arch x86_64 -macosx_version_min 10.8.2 -syslibroot /Applications/Xcode.app/Contents/Developer/Platforms/MacOSX.platform/Developer/SDKs/MacOSX10.8.sdk -weak_reference_mismatches non-weak -o cmTryCompileExec4256074502 -L/opt/local/lib/gcc47/gcc/x86_64-apple-darwin12/4.7.2 -L/opt/local/lib/gcc47/gcc/x86_64-apple-darwin12/4.7.2/../../.. -search_paths_first -headerpad_max_install_names CMakeFiles/cmTryCompileExec4256074502.dir/CMakeCCompilerABI.c.o -no_compact_unwind -lSystem -lgcc_ext.10.5 -lgcc -lSystem -v
@(#)PROGRAM:ld  PROJECT:ld64-134.9
configured to support archs: i386 x86_64
Library search paths:
	/opt/local/lib/gcc47/gcc/x86_64-apple-darwin12/4.7.2
	/opt/local/lib/gcc47
	/Applications/Xcode.app/Contents/Developer/Platforms/MacOSX.platform/Developer/SDKs/MacOSX10.8.sdk/usr/lib
Framework search paths:
	/Applications/Xcode.app/Contents/Developer/Platforms/MacOSX.platform/Developer/SDKs/MacOSX10.8.sdk/System/Library/Frameworks/


Parsed C implicit link information from above output:
  link line regex: [^( *|.*[/\])(ld|ld|collect2)[^/\]*( |$)]
  ignore line: [Change Dir: /Users/momo/Documents/projet/Box2D_v2.2.1/CMakeFiles/CMakeTmp]
  ignore line: []
  ignore line: [Run Build Command:/usr/bin/make "cmTryCompileExec4256074502/fast"]
  ignore line: [/usr/bin/make -f CMakeFiles/cmTryCompileExec4256074502.dir/build.make CMakeFiles/cmTryCompileExec4256074502.dir/build]
  ignore line: [/opt/local/bin/cmake -E cmake_progress_report /Users/momo/Documents/projet/Box2D_v2.2.1/CMakeFiles/CMakeTmp/CMakeFiles 1]
  ignore line: [Building C object CMakeFiles/cmTryCompileExec4256074502.dir/CMakeCCompilerABI.c.o]
  ignore line: [/usr/bin/gcc   -isysroot /Applications/Xcode.app/Contents/Developer/Platforms/MacOSX.platform/Developer/SDKs/MacOSX10.8.sdk   -o CMakeFiles/cmTryCompileExec4256074502.dir/CMakeCCompilerABI.c.o   -c /opt/local/share/cmake-2.8/Modules/CMakeCCompilerABI.c]
  ignore line: [Linking C executable cmTryCompileExec4256074502]
  ignore line: [/opt/local/bin/cmake -E cmake_link_script CMakeFiles/cmTryCompileExec4256074502.dir/link.txt --verbose=1]
  ignore line: [/usr/bin/gcc      -isysroot /Applications/Xcode.app/Contents/Developer/Platforms/MacOSX.platform/Developer/SDKs/MacOSX10.8.sdk -Wl,-search_paths_first -Wl,-headerpad_max_install_names -v CMakeFiles/cmTryCompileExec4256074502.dir/CMakeCCompilerABI.c.o  -o cmTryCompileExec4256074502   ]
  ignore line: [Using built-in specs.]
  ignore line: [COLLECT_GCC=/usr/bin/gcc]
  ignore line: [COLLECT_LTO_WRAPPER=/opt/local/libexec/gcc/x86_64-apple-darwin12/4.7.2/lto-wrapper]
  ignore line: [Target: x86_64-apple-darwin12]
  ignore line: [Configured with: ../gcc-4.7.2/configure --prefix=/opt/local --build=x86_64-apple-darwin12 --enable-languages=c,c++,objc,obj-c++,lto,fortran,java --libdir=/opt/local/lib/gcc47 --includedir=/opt/local/include/gcc47 --infodir=/opt/local/share/info --mandir=/opt/local/share/man --datarootdir=/opt/local/share/gcc-4.7 --with-libiconv-prefix=/opt/local --with-local-prefix=/opt/local --with-system-zlib --disable-nls --program-suffix=-mp-4.7 --with-gxx-include-dir=/opt/local/include/gcc47/c++/ --with-gmp=/opt/local --with-mpfr=/opt/local --with-mpc=/opt/local --with-ppl=/opt/local --with-cloog=/opt/local --enable-cloog-backend=isl --disable-cloog-version-check --enable-stage1-checking --disable-multilib --enable-lto --enable-libstdcxx-time --with-as=/opt/local/bin/as --with-ld=/opt/local/bin/ld --with-ar=/opt/local/bin/ar --with-bugurl=https://trac.macports.org/newticket --disable-ppl-version-check --with-pkgversion='MacPorts gcc47 4.7.2_2']
  ignore line: [Thread model: posix]
  ignore line: [gcc version 4.7.2 (MacPorts gcc47 4.7.2_2) ]
  ignore line: [COMPILER_PATH=/opt/local/libexec/gcc/x86_64-apple-darwin12/4.7.2/:/opt/local/libexec/gcc/x86_64-apple-darwin12/4.7.2/:/opt/local/libexec/gcc/x86_64-apple-darwin12/:/opt/local/lib/gcc47/gcc/x86_64-apple-darwin12/4.7.2/:/opt/local/lib/gcc47/gcc/x86_64-apple-darwin12/]
  ignore line: [LIBRARY_PATH=/opt/local/lib/gcc47/gcc/x86_64-apple-darwin12/4.7.2/:/opt/local/lib/gcc47/gcc/x86_64-apple-darwin12/4.7.2/../../../:/usr/lib/]
  ignore line: [COLLECT_GCC_OPTIONS='-mmacosx-version-min=10.8.2' '-isysroot' '/Applications/Xcode.app/Contents/Developer/Platforms/MacOSX.platform/Developer/SDKs/MacOSX10.8.sdk' '-v' '-o' 'cmTryCompileExec4256074502' '-mtune=core2']
  link line: [ /opt/local/libexec/gcc/x86_64-apple-darwin12/4.7.2/collect2 -dynamic -arch x86_64 -macosx_version_min 10.8.2 -syslibroot /Applications/Xcode.app/Contents/Developer/Platforms/MacOSX.platform/Developer/SDKs/MacOSX10.8.sdk -weak_reference_mismatches non-weak -o cmTryCompileExec4256074502 -L/opt/local/lib/gcc47/gcc/x86_64-apple-darwin12/4.7.2 -L/opt/local/lib/gcc47/gcc/x86_64-apple-darwin12/4.7.2/../../.. -search_paths_first -headerpad_max_install_names CMakeFiles/cmTryCompileExec4256074502.dir/CMakeCCompilerABI.c.o -no_compact_unwind -lSystem -lgcc_ext.10.5 -lgcc -lSystem -v]
    arg [/opt/local/libexec/gcc/x86_64-apple-darwin12/4.7.2/collect2] ==> ignore
    arg [-dynamic] ==> ignore
    arg [-arch] ==> ignore
    arg [x86_64] ==> ignore
    arg [-macosx_version_min] ==> ignore
    arg [10.8.2] ==> ignore
    arg [-syslibroot] ==> ignore
    arg [/Applications/Xcode.app/Contents/Developer/Platforms/MacOSX.platform/Developer/SDKs/MacOSX10.8.sdk] ==> ignore
    arg [-weak_reference_mismatches] ==> ignore
    arg [non-weak] ==> ignore
    arg [-o] ==> ignore
    arg [cmTryCompileExec4256074502] ==> ignore
    arg [-L/opt/local/lib/gcc47/gcc/x86_64-apple-darwin12/4.7.2] ==> dir [/opt/local/lib/gcc47/gcc/x86_64-apple-darwin12/4.7.2]
    arg [-L/opt/local/lib/gcc47/gcc/x86_64-apple-darwin12/4.7.2/../../..] ==> dir [/opt/local/lib/gcc47/gcc/x86_64-apple-darwin12/4.7.2/../../..]
    arg [-search_paths_first] ==> ignore
    arg [-headerpad_max_install_names] ==> ignore
    arg [CMakeFiles/cmTryCompileExec4256074502.dir/CMakeCCompilerABI.c.o] ==> ignore
    arg [-no_compact_unwind] ==> ignore
    arg [-lSystem] ==> lib [System]
    arg [-lgcc_ext.10.5] ==> lib [gcc_ext.10.5]
    arg [-lgcc] ==> lib [gcc]
    arg [-lSystem] ==> lib [System]
    arg [-v] ==> ignore
  remove lib [System]
  remove lib [gcc_ext.10.5]
  remove lib [gcc]
  remove lib [System]
  collapse dir [/opt/local/lib/gcc47/gcc/x86_64-apple-darwin12/4.7.2] ==> [/opt/local/lib/gcc47/gcc/x86_64-apple-darwin12/4.7.2]
  collapse dir [/opt/local/lib/gcc47/gcc/x86_64-apple-darwin12/4.7.2/../../..] ==> [/opt/local/lib/gcc47]
  implicit libs: []
  implicit dirs: [/opt/local/lib/gcc47/gcc/x86_64-apple-darwin12/4.7.2;/opt/local/lib/gcc47]


Detecting CXX compiler ABI info compiled with the following output:
Change Dir: /Users/momo/Documents/projet/Box2D_v2.2.1/CMakeFiles/CMakeTmp

Run Build Command:/usr/bin/make "cmTryCompileExec1973148011/fast"
/usr/bin/make -f CMakeFiles/cmTryCompileExec1973148011.dir/build.make CMakeFiles/cmTryCompileExec1973148011.dir/build
/opt/local/bin/cmake -E cmake_progress_report /Users/momo/Documents/projet/Box2D_v2.2.1/CMakeFiles/CMakeTmp/CMakeFiles 1
Building CXX object CMakeFiles/cmTryCompileExec1973148011.dir/CMakeCXXCompilerABI.cpp.o
/usr/bin/c++    -isysroot /Applications/Xcode.app/Contents/Developer/Platforms/MacOSX.platform/Developer/SDKs/MacOSX10.8.sdk   -o CMakeFiles/cmTryCompileExec1973148011.dir/CMakeCXXCompilerABI.cpp.o -c /opt/local/share/cmake-2.8/Modules/CMakeCXXCompilerABI.cpp
Linking CXX executable cmTryCompileExec1973148011
/opt/local/bin/cmake -E cmake_link_script CMakeFiles/cmTryCompileExec1973148011.dir/link.txt --verbose=1
/usr/bin/c++       -isysroot /Applications/Xcode.app/Contents/Developer/Platforms/MacOSX.platform/Developer/SDKs/MacOSX10.8.sdk -Wl,-search_paths_first -Wl,-headerpad_max_install_names -v CMakeFiles/cmTryCompileExec1973148011.dir/CMakeCXXCompilerABI.cpp.o  -o cmTryCompileExec1973148011   
Apple clang version 4.0 (tags/Apple/clang-421.0.60) (based on LLVM 3.1svn)
Target: x86_64-apple-darwin12.2.1
Thread model: posix
 "/usr/bin/ld" -demangle -dynamic -arch x86_64 -macosx_version_min 10.8.0 -syslibroot /Applications/Xcode.app/Contents/Developer/Platforms/MacOSX.platform/Developer/SDKs/MacOSX10.8.sdk -o cmTryCompileExec1973148011 -search_paths_first -headerpad_max_install_names CMakeFiles/cmTryCompileExec1973148011.dir/CMakeCXXCompilerABI.cpp.o -lstdc++ -lSystem /usr/bin/../lib/clang/4.0/lib/darwin/libclang_rt.osx.a


Parsed CXX implicit link information from above output:
  link line regex: [^( *|.*[/\])(ld|ld|collect2)[^/\]*( |$)]
  ignore line: [Change Dir: /Users/momo/Documents/projet/Box2D_v2.2.1/CMakeFiles/CMakeTmp]
  ignore line: []
  ignore line: [Run Build Command:/usr/bin/make "cmTryCompileExec1973148011/fast"]
  ignore line: [/usr/bin/make -f CMakeFiles/cmTryCompileExec1973148011.dir/build.make CMakeFiles/cmTryCompileExec1973148011.dir/build]
  ignore line: [/opt/local/bin/cmake -E cmake_progress_report /Users/momo/Documents/projet/Box2D_v2.2.1/CMakeFiles/CMakeTmp/CMakeFiles 1]
  ignore line: [Building CXX object CMakeFiles/cmTryCompileExec1973148011.dir/CMakeCXXCompilerABI.cpp.o]
  ignore line: [/usr/bin/c++    -isysroot /Applications/Xcode.app/Contents/Developer/Platforms/MacOSX.platform/Developer/SDKs/MacOSX10.8.sdk   -o CMakeFiles/cmTryCompileExec1973148011.dir/CMakeCXXCompilerABI.cpp.o -c /opt/local/share/cmake-2.8/Modules/CMakeCXXCompilerABI.cpp]
  ignore line: [Linking CXX executable cmTryCompileExec1973148011]
  ignore line: [/opt/local/bin/cmake -E cmake_link_script CMakeFiles/cmTryCompileExec1973148011.dir/link.txt --verbose=1]
  ignore line: [/usr/bin/c++       -isysroot /Applications/Xcode.app/Contents/Developer/Platforms/MacOSX.platform/Developer/SDKs/MacOSX10.8.sdk -Wl,-search_paths_first -Wl,-headerpad_max_install_names -v CMakeFiles/cmTryCompileExec1973148011.dir/CMakeCXXCompilerABI.cpp.o  -o cmTryCompileExec1973148011   ]
  ignore line: [Apple clang version 4.0 (tags/Apple/clang-421.0.60) (based on LLVM 3.1svn)]
  ignore line: [Target: x86_64-apple-darwin12.2.1]
  ignore line: [Thread model: posix]
  link line: [ "/usr/bin/ld" -demangle -dynamic -arch x86_64 -macosx_version_min 10.8.0 -syslibroot /Applications/Xcode.app/Contents/Developer/Platforms/MacOSX.platform/Developer/SDKs/MacOSX10.8.sdk -o cmTryCompileExec1973148011 -search_paths_first -headerpad_max_install_names CMakeFiles/cmTryCompileExec1973148011.dir/CMakeCXXCompilerABI.cpp.o -lstdc++ -lSystem /usr/bin/../lib/clang/4.0/lib/darwin/libclang_rt.osx.a]
    arg [/usr/bin/ld] ==> ignore
    arg [-demangle] ==> ignore
    arg [-dynamic] ==> ignore
    arg [-arch] ==> ignore
    arg [x86_64] ==> ignore
    arg [-macosx_version_min] ==> ignore
    arg [10.8.0] ==> ignore
    arg [-syslibroot] ==> ignore
    arg [/Applications/Xcode.app/Contents/Developer/Platforms/MacOSX.platform/Developer/SDKs/MacOSX10.8.sdk] ==> ignore
    arg [-o] ==> ignore
    arg [cmTryCompileExec1973148011] ==> ignore
    arg [-search_paths_first] ==> ignore
    arg [-headerpad_max_install_names] ==> ignore
    arg [CMakeFiles/cmTryCompileExec1973148011.dir/CMakeCXXCompilerABI.cpp.o] ==> ignore
    arg [-lstdc++] ==> lib [stdc++]
    arg [-lSystem] ==> lib [System]
    arg [/usr/bin/../lib/clang/4.0/lib/darwin/libclang_rt.osx.a] ==> lib [/usr/bin/../lib/clang/4.0/lib/darwin/libclang_rt.osx.a]
  remove lib [System]
  implicit libs: [stdc++;/usr/bin/../lib/clang/4.0/lib/darwin/libclang_rt.osx.a]
  implicit dirs: []


